[2013-08-16 21:04:05] request.CRITICAL: Uncaught PHP Exception Symfony\Component\Config\Exception\FileLoaderLoadException: "Cannot import resource "@FrameworkBundle/Resources/config/routing/internal.xml" from "C:/xampp/htdocs/my/app/config/routing.yml". Make sure the "FrameworkBundle/Resources/config/routing/internal.xml" bundle is correctly registered and loaded in the application kernel class." at C:\xampp\htdocs\my\vendor\symfony\symfony\src\Symfony\Component\Config\Loader\FileLoader.php line 100 {"exception":"[object] (Symfony\\Component\\Config\\Exception\\FileLoaderLoadException: Cannot import resource \"@FrameworkBundle/Resources/config/routing/internal.xml\" from \"C:/xampp/htdocs/my/app/config/routing.yml\". Make sure the \"FrameworkBundle/Resources/config/routing/internal.xml\" bundle is correctly registered and loaded in the application kernel class. at C:\\xampp\\htdocs\\my\\vendor\\symfony\\symfony\\src\\Symfony\\Component\\Config\\Loader\\FileLoader.php:100, InvalidArgumentException: Unable to find file \"@FrameworkBundle/Resources/config/routing/internal.xml\". at C:\\xampp\\htdocs\\my\\app\\bootstrap.php.cache:2290)"} []
[2013-08-16 21:04:07] request.CRITICAL: Exception thrown when handling an exception (Twig_Error_Runtime: An exception has been thrown during the rendering of a template ("Circular reference detected in "C:/xampp/htdocs/my/app/config/routing.yml" ("C:/xampp/htdocs/my/app/config/routing.yml" > "C:/xampp/htdocs/my/app/config/routing.yml").") in "TwigBundle:Exception:error.html.twig" at line 8.) {"exception":"[object] (Symfony\\Component\\Config\\Exception\\FileLoaderLoadException: Cannot import resource \"@FrameworkBundle/Resources/config/routing/internal.xml\" from \"C:/xampp/htdocs/my/app/config/routing.yml\". Make sure the \"FrameworkBundle/Resources/config/routing/internal.xml\" bundle is correctly registered and loaded in the application kernel class. at C:\\xampp\\htdocs\\my\\vendor\\symfony\\symfony\\src\\Symfony\\Component\\Config\\Loader\\FileLoader.php:100, InvalidArgumentException: Unable to find file \"@FrameworkBundle/Resources/config/routing/internal.xml\". at C:\\xampp\\htdocs\\my\\app\\bootstrap.php.cache:2290)"} []
[2013-08-16 21:07:55] request.INFO: Matched route "homepage" (parameters: "_controller": "MY\MainBundle\Controller\MainController::indexAction", "_route": "homepage") [] []
[2013-08-16 21:07:55] security.INFO: Populated SecurityContext with an anonymous Token [] []
[2013-08-16 21:07:55] security.INFO: No expression found; abstaining from voting. [] []
[2013-08-16 21:07:57] request.CRITICAL: Uncaught PHP Exception PDOException: "SQLSTATE[HY000] [1045] Access denied for user 'root'@'localhost' (using password: YES)" at C:\xampp\htdocs\my\vendor\doctrine\dbal\lib\Doctrine\DBAL\Driver\PDOConnection.php line 36 {"exception":"[object] (PDOException: SQLSTATE[HY000] [1045] Access denied for user 'root'@'localhost' (using password: YES) at C:\\xampp\\htdocs\\my\\vendor\\doctrine\\dbal\\lib\\Doctrine\\DBAL\\Driver\\PDOConnection.php:36)"} []
[2013-08-16 21:07:57] security.DEBUG: Write SecurityContext in the session [] []
[2013-09-13 20:44:16] request.INFO: Matched route "homepage" (parameters: "_controller": "MY\MainBundle\Controller\MainController::indexAction", "_route": "homepage") [] []
[2013-09-13 20:44:29] security.INFO: Populated SecurityContext with an anonymous Token [] []
[2013-09-13 20:44:29] security.INFO: No expression found; abstaining from voting. [] []
[2013-09-13 20:44:32] request.CRITICAL: Uncaught PHP Exception PDOException: "SQLSTATE[HY000] [1045] Access denied for user 'root'@'localhost' (using password: YES)" at C:\xampp\htdocs\my\vendor\doctrine\dbal\lib\Doctrine\DBAL\Driver\PDOConnection.php line 36 {"exception":"[object] (PDOException: SQLSTATE[HY000] [1045] Access denied for user 'root'@'localhost' (using password: YES) at C:\\xampp\\htdocs\\my\\vendor\\doctrine\\dbal\\lib\\Doctrine\\DBAL\\Driver\\PDOConnection.php:36)"} []
[2013-09-13 20:44:36] security.DEBUG: Write SecurityContext in the session [] []
[2013-09-17 18:04:29] request.INFO: Matched route "homepage" (parameters: "_controller": "MY\MainBundle\Controller\MainController::indexAction", "_route": "homepage") [] []
[2013-09-17 18:04:40] security.INFO: Populated SecurityContext with an anonymous Token [] []
[2013-09-17 18:04:40] security.INFO: No expression found; abstaining from voting. [] []
[2013-09-17 18:04:44] request.CRITICAL: Uncaught PHP Exception PDOException: "SQLSTATE[HY000] [1045] Access denied for user 'root'@'localhost' (using password: YES)" at C:\xampp\htdocs\my\vendor\doctrine\dbal\lib\Doctrine\DBAL\Driver\PDOConnection.php line 36 {"exception":"[object] (PDOException: SQLSTATE[HY000] [1045] Access denied for user 'root'@'localhost' (using password: YES) at C:\\xampp\\htdocs\\my\\vendor\\doctrine\\dbal\\lib\\Doctrine\\DBAL\\Driver\\PDOConnection.php:36)"} []
[2013-09-17 18:04:51] security.DEBUG: Write SecurityContext in the session [] []
[2013-09-20 21:37:12] request.INFO: Matched route "homepage" (parameters: "_controller": "MY\MainBundle\Controller\MainController::indexAction", "_route": "homepage") [] []
[2013-09-20 21:37:18] security.INFO: Populated SecurityContext with an anonymous Token [] []
[2013-09-20 21:37:18] security.INFO: No expression found; abstaining from voting. [] []
[2013-09-20 21:37:19] request.CRITICAL: Uncaught PHP Exception PDOException: "SQLSTATE[HY000] [1045] Access denied for user 'root'@'localhost' (using password: YES)" at C:\xampp\htdocs\my\vendor\doctrine\dbal\lib\Doctrine\DBAL\Driver\PDOConnection.php line 36 {"exception":"[object] (PDOException: SQLSTATE[HY000] [1045] Access denied for user 'root'@'localhost' (using password: YES) at C:\\xampp\\htdocs\\my\\vendor\\doctrine\\dbal\\lib\\Doctrine\\DBAL\\Driver\\PDOConnection.php:36)"} []
[2013-09-20 21:37:22] security.DEBUG: Write SecurityContext in the session [] []
[2013-09-20 21:41:13] request.INFO: Matched route "homepage" (parameters: "_controller": "MY\MainBundle\Controller\MainController::indexAction", "_route": "homepage") [] []
[2013-09-20 21:41:16] security.INFO: Populated SecurityContext with an anonymous Token [] []
[2013-09-20 21:41:16] security.INFO: No expression found; abstaining from voting. [] []
[2013-09-20 21:41:17] request.CRITICAL: Uncaught PHP Exception PDOException: "SQLSTATE[HY000] [1045] Access denied for user 'root'@'localhost' (using password: YES)" at C:\xampp\htdocs\my\vendor\doctrine\dbal\lib\Doctrine\DBAL\Driver\PDOConnection.php line 36 {"exception":"[object] (PDOException: SQLSTATE[HY000] [1045] Access denied for user 'root'@'localhost' (using password: YES) at C:\\xampp\\htdocs\\my\\vendor\\doctrine\\dbal\\lib\\Doctrine\\DBAL\\Driver\\PDOConnection.php:36)"} []
[2013-09-20 21:41:18] security.DEBUG: Write SecurityContext in the session [] []
[2013-09-20 21:44:44] request.INFO: Matched route "homepage" (parameters: "_controller": "MY\MainBundle\Controller\MainController::indexAction", "_route": "homepage") [] []
[2013-09-20 21:44:48] security.INFO: Populated SecurityContext with an anonymous Token [] []
[2013-09-20 21:44:48] security.INFO: No expression found; abstaining from voting. [] []
[2013-09-20 21:44:49] request.CRITICAL: Uncaught PHP Exception PDOException: "SQLSTATE[HY000] [1045] Access denied for user 'root'@'localhost' (using password: YES)" at C:\xampp\htdocs\my\vendor\doctrine\dbal\lib\Doctrine\DBAL\Driver\PDOConnection.php line 36 {"exception":"[object] (PDOException: SQLSTATE[HY000] [1045] Access denied for user 'root'@'localhost' (using password: YES) at C:\\xampp\\htdocs\\my\\vendor\\doctrine\\dbal\\lib\\Doctrine\\DBAL\\Driver\\PDOConnection.php:36)"} []
[2013-09-20 21:44:51] security.DEBUG: Write SecurityContext in the session [] []
[2013-09-20 22:07:40] request.INFO: Matched route "homepage" (parameters: "_controller": "MY\MainBundle\Controller\MainController::indexAction", "_route": "homepage") [] []
[2013-09-20 22:07:43] security.INFO: Populated SecurityContext with an anonymous Token [] []
[2013-09-20 22:07:43] security.INFO: No expression found; abstaining from voting. [] []
[2013-09-20 22:07:44] request.CRITICAL: Uncaught PHP Exception PDOException: "SQLSTATE[HY000] [1045] Access denied for user 'root'@'localhost' (using password: YES)" at C:\xampp\htdocs\my\vendor\doctrine\dbal\lib\Doctrine\DBAL\Driver\PDOConnection.php line 36 {"exception":"[object] (PDOException: SQLSTATE[HY000] [1045] Access denied for user 'root'@'localhost' (using password: YES) at C:\\xampp\\htdocs\\my\\vendor\\doctrine\\dbal\\lib\\Doctrine\\DBAL\\Driver\\PDOConnection.php:36)"} []
[2013-09-20 22:07:46] security.DEBUG: Write SecurityContext in the session [] []
[2013-09-20 22:07:50] request.INFO: Matched route "homepage" (parameters: "_controller": "MY\MainBundle\Controller\MainController::indexAction", "_route": "homepage") [] []
[2013-09-20 22:07:52] security.INFO: Populated SecurityContext with an anonymous Token [] []
[2013-09-20 22:07:52] security.INFO: No expression found; abstaining from voting. [] []
[2013-09-20 22:07:53] request.CRITICAL: Uncaught PHP Exception PDOException: "SQLSTATE[HY000] [1045] Access denied for user 'root'@'localhost' (using password: YES)" at C:\xampp\htdocs\my\vendor\doctrine\dbal\lib\Doctrine\DBAL\Driver\PDOConnection.php line 36 {"exception":"[object] (PDOException: SQLSTATE[HY000] [1045] Access denied for user 'root'@'localhost' (using password: YES) at C:\\xampp\\htdocs\\my\\vendor\\doctrine\\dbal\\lib\\Doctrine\\DBAL\\Driver\\PDOConnection.php:36)"} []
[2013-09-20 22:07:55] security.DEBUG: Write SecurityContext in the session [] []
[2013-09-20 22:14:56] request.INFO: Matched route "homepage" (parameters: "_controller": "MY\MainBundle\Controller\MainController::indexAction", "_route": "homepage") [] []
[2013-09-20 22:14:59] security.INFO: Populated SecurityContext with an anonymous Token [] []
[2013-09-20 22:14:59] security.INFO: No expression found; abstaining from voting. [] []
[2013-09-20 22:15:01] request.CRITICAL: Uncaught PHP Exception PDOException: "SQLSTATE[HY000] [1045] Access denied for user 'root'@'localhost' (using password: YES)" at C:\xampp\htdocs\my\vendor\doctrine\dbal\lib\Doctrine\DBAL\Driver\PDOConnection.php line 36 {"exception":"[object] (PDOException: SQLSTATE[HY000] [1045] Access denied for user 'root'@'localhost' (using password: YES) at C:\\xampp\\htdocs\\my\\vendor\\doctrine\\dbal\\lib\\Doctrine\\DBAL\\Driver\\PDOConnection.php:36)"} []
[2013-09-20 22:15:03] security.DEBUG: Write SecurityContext in the session [] []
[2013-09-20 22:17:25] request.INFO: Matched route "homepage" (parameters: "_controller": "MY\MainBundle\Controller\MainController::indexAction", "_route": "homepage") [] []
[2013-09-20 22:17:38] security.INFO: Populated SecurityContext with an anonymous Token [] []
[2013-09-20 22:17:38] security.INFO: No expression found; abstaining from voting. [] []
[2013-09-20 22:17:41] request.CRITICAL: Uncaught PHP Exception PDOException: "SQLSTATE[HY000] [1045] Access denied for user 'root'@'localhost' (using password: YES)" at C:\xampp\htdocs\my\vendor\doctrine\dbal\lib\Doctrine\DBAL\Driver\PDOConnection.php line 36 {"exception":"[object] (PDOException: SQLSTATE[HY000] [1045] Access denied for user 'root'@'localhost' (using password: YES) at C:\\xampp\\htdocs\\my\\vendor\\doctrine\\dbal\\lib\\Doctrine\\DBAL\\Driver\\PDOConnection.php:36)"} []
[2013-09-20 22:17:45] security.DEBUG: Write SecurityContext in the session [] []
[2013-09-20 22:55:06] request.ERROR: Uncaught PHP Exception Symfony\Component\HttpKernel\Exception\NotFoundHttpException: "No route found for "GET /undefined"" at C:\xampp\htdocs\my\app\cache\prod\classes.php line 1880 {"exception":"[object] (Symfony\\Component\\HttpKernel\\Exception\\NotFoundHttpException: No route found for \"GET /undefined\" at C:\\xampp\\htdocs\\my\\app\\cache\\prod\\classes.php:1880, Symfony\\Component\\Routing\\Exception\\ResourceNotFoundException:  at C:\\xampp\\htdocs\\my\\app\\cache\\prod\\appProdUrlMatcher.php:1239)"} []
[2013-09-20 22:58:02] request.ERROR: Uncaught PHP Exception Symfony\Component\HttpKernel\Exception\NotFoundHttpException: "No route found for "GET /undefined"" at C:\xampp\htdocs\my\app\cache\prod\classes.php line 1880 {"exception":"[object] (Symfony\\Component\\HttpKernel\\Exception\\NotFoundHttpException: No route found for \"GET /undefined\" at C:\\xampp\\htdocs\\my\\app\\cache\\prod\\classes.php:1880, Symfony\\Component\\Routing\\Exception\\ResourceNotFoundException:  at C:\\xampp\\htdocs\\my\\app\\cache\\prod\\appProdUrlMatcher.php:1239)"} []
[2013-09-20 22:59:10] request.ERROR: Uncaught PHP Exception Symfony\Component\HttpKernel\Exception\NotFoundHttpException: "No route found for "GET /undefined"" at C:\xampp\htdocs\my\app\cache\prod\classes.php line 1880 {"exception":"[object] (Symfony\\Component\\HttpKernel\\Exception\\NotFoundHttpException: No route found for \"GET /undefined\" at C:\\xampp\\htdocs\\my\\app\\cache\\prod\\classes.php:1880, Symfony\\Component\\Routing\\Exception\\ResourceNotFoundException:  at C:\\xampp\\htdocs\\my\\app\\cache\\prod\\appProdUrlMatcher.php:1239)"} []
[2013-09-20 22:59:43] request.ERROR: Uncaught PHP Exception Symfony\Component\HttpKernel\Exception\NotFoundHttpException: "No route found for "GET /bundles/mymain/css/lib.less"" at C:\xampp\htdocs\my\app\cache\prod\classes.php line 1880 {"exception":"[object] (Symfony\\Component\\HttpKernel\\Exception\\NotFoundHttpException: No route found for \"GET /bundles/mymain/css/lib.less\" at C:\\xampp\\htdocs\\my\\app\\cache\\prod\\classes.php:1880, Symfony\\Component\\Routing\\Exception\\ResourceNotFoundException:  at C:\\xampp\\htdocs\\my\\app\\cache\\prod\\appProdUrlMatcher.php:1239)"} []
[2013-09-26 17:44:50] request.INFO: Matched route "homepage" (parameters: "_controller": "MY\MainBundle\Controller\MainController::indexAction", "_route": "homepage") [] []
[2013-09-26 17:44:57] security.INFO: Populated SecurityContext with an anonymous Token [] []
[2013-09-26 17:44:57] security.INFO: No expression found; abstaining from voting. [] []
[2013-09-26 17:44:59] request.CRITICAL: Uncaught PHP Exception PDOException: "SQLSTATE[HY000] [1045] Access denied for user 'root'@'localhost' (using password: YES)" at C:\xampp\htdocs\my\vendor\doctrine\dbal\lib\Doctrine\DBAL\Driver\PDOConnection.php line 36 {"exception":"[object] (PDOException: SQLSTATE[HY000] [1045] Access denied for user 'root'@'localhost' (using password: YES) at C:\\xampp\\htdocs\\my\\vendor\\doctrine\\dbal\\lib\\Doctrine\\DBAL\\Driver\\PDOConnection.php:36)"} []
[2013-09-26 17:45:03] security.DEBUG: Write SecurityContext in the session [] []
[2013-09-26 21:57:23] request.INFO: Matched route "homepage" (parameters: "_controller": "MY\MainBundle\Controller\MainController::indexAction", "_route": "homepage") [] []
[2013-09-26 21:57:37] security.INFO: Populated SecurityContext with an anonymous Token [] []
[2013-09-26 21:57:37] security.INFO: No expression found; abstaining from voting. [] []
[2013-09-26 21:57:42] request.CRITICAL: Uncaught PHP Exception PDOException: "SQLSTATE[HY000] [1045] Access denied for user 'root'@'localhost' (using password: YES)" at C:\xampp\htdocs\my\vendor\doctrine\dbal\lib\Doctrine\DBAL\Driver\PDOConnection.php line 36 {"exception":"[object] (PDOException: SQLSTATE[HY000] [1045] Access denied for user 'root'@'localhost' (using password: YES) at C:\\xampp\\htdocs\\my\\vendor\\doctrine\\dbal\\lib\\Doctrine\\DBAL\\Driver\\PDOConnection.php:36)"} []
[2013-09-26 21:57:52] security.DEBUG: Write SecurityContext in the session [] []
[2013-09-26 21:58:48] request.ERROR: Uncaught PHP Exception Symfony\Component\HttpKernel\Exception\NotFoundHttpException: "No route found for "GET /app_prod.php"" at C:\xampp\htdocs\my\app\cache\prod\classes.php line 1880 {"exception":"[object] (Symfony\\Component\\HttpKernel\\Exception\\NotFoundHttpException: No route found for \"GET /app_prod.php\" at C:\\xampp\\htdocs\\my\\app\\cache\\prod\\classes.php:1880, Symfony\\Component\\Routing\\Exception\\ResourceNotFoundException:  at C:\\xampp\\htdocs\\my\\app\\cache\\prod\\appProdUrlMatcher.php:1239)"} []
[2013-09-27 20:33:32] request.INFO: Matched route "homepage" (parameters: "_controller": "MY\MainBundle\Controller\MainController::indexAction", "_route": "homepage") [] []
[2013-09-27 20:33:38] security.INFO: Populated SecurityContext with an anonymous Token [] []
[2013-09-27 20:33:38] security.INFO: No expression found; abstaining from voting. [] []
[2013-09-27 20:33:41] request.CRITICAL: Uncaught PHP Exception PDOException: "SQLSTATE[HY000] [1045] Access denied for user 'root'@'localhost' (using password: YES)" at C:\xampp\htdocs\my\vendor\doctrine\dbal\lib\Doctrine\DBAL\Driver\PDOConnection.php line 36 {"exception":"[object] (PDOException: SQLSTATE[HY000] [1045] Access denied for user 'root'@'localhost' (using password: YES) at C:\\xampp\\htdocs\\my\\vendor\\doctrine\\dbal\\lib\\Doctrine\\DBAL\\Driver\\PDOConnection.php:36)"} []
[2013-09-27 20:33:45] security.DEBUG: Write SecurityContext in the session [] []
[2013-10-17 17:42:39] request.INFO: Matched route "homepage" (parameters: "_controller": "MY\MainBundle\Controller\MainController::indexAction", "_route": "homepage") [] []
[2013-10-17 17:42:46] security.INFO: Populated SecurityContext with an anonymous Token [] []
[2013-10-17 17:42:46] security.INFO: No expression found; abstaining from voting. [] []
[2013-10-17 17:42:49] request.CRITICAL: Uncaught PHP Exception PDOException: "SQLSTATE[HY000] [1045] Access denied for user 'root'@'localhost' (using password: YES)" at C:\xampp\htdocs\my\vendor\doctrine\dbal\lib\Doctrine\DBAL\Driver\PDOConnection.php line 36 {"exception":"[object] (PDOException: SQLSTATE[HY000] [1045] Access denied for user 'root'@'localhost' (using password: YES) at C:\\xampp\\htdocs\\my\\vendor\\doctrine\\dbal\\lib\\Doctrine\\DBAL\\Driver\\PDOConnection.php:36)"} []
[2013-10-17 17:42:53] security.DEBUG: Write SecurityContext in the session [] []
[2013-11-08 08:37:06] request.INFO: Matched route "homepage" (parameters: "_controller": "MY\MainBundle\Controller\MainController::indexAction", "_route": "homepage") [] []
[2013-11-08 08:37:18] security.INFO: Populated SecurityContext with an anonymous Token [] []
[2013-11-08 08:37:18] security.INFO: No expression found; abstaining from voting. [] []
[2013-11-08 08:37:22] request.CRITICAL: Uncaught PHP Exception PDOException: "SQLSTATE[HY000] [1045] Access denied for user 'root'@'localhost' (using password: YES)" at C:\xampp\htdocs\my\vendor\doctrine\dbal\lib\Doctrine\DBAL\Driver\PDOConnection.php line 36 {"exception":"[object] (PDOException: SQLSTATE[HY000] [1045] Access denied for user 'root'@'localhost' (using password: YES) at C:\\xampp\\htdocs\\my\\vendor\\doctrine\\dbal\\lib\\Doctrine\\DBAL\\Driver\\PDOConnection.php:36)"} []
[2013-11-08 08:37:30] security.DEBUG: Write SecurityContext in the session [] []
[2013-11-15 17:57:44] request.INFO: Matched route "homepage" (parameters: "_controller": "MY\MainBundle\Controller\MainController::indexAction", "_route": "homepage") [] []
[2013-11-15 17:57:53] security.INFO: Populated SecurityContext with an anonymous Token [] []
[2013-11-15 17:57:53] security.INFO: No expression found; abstaining from voting. [] []
[2013-11-15 17:57:56] request.CRITICAL: Uncaught PHP Exception PDOException: "SQLSTATE[HY000] [1045] Access denied for user 'root'@'localhost' (using password: YES)" at C:\xampp\htdocs\my\vendor\doctrine\dbal\lib\Doctrine\DBAL\Driver\PDOConnection.php line 36 {"exception":"[object] (PDOException: SQLSTATE[HY000] [1045] Access denied for user 'root'@'localhost' (using password: YES) at C:\\xampp\\htdocs\\my\\vendor\\doctrine\\dbal\\lib\\Doctrine\\DBAL\\Driver\\PDOConnection.php:36)"} []
[2013-11-15 17:58:00] security.DEBUG: Write SecurityContext in the session [] []
[2013-11-26 23:00:14] request.CRITICAL: Uncaught PHP Exception Symfony\Component\Config\Exception\FileLoaderLoadException: "Cannot import resource "@FrameworkBundle/Resources/config/routing/internal.xml" from "/var/www/mynet/app/config/routing.yml". Make sure the "FrameworkBundle" bundle is correctly registered and loaded in the application kernel class." at /var/www/mynet/vendor/symfony/symfony/src/Symfony/Component/Config/Loader/FileLoader.php line 100 {"exception":"[object] (Symfony\\Component\\Config\\Exception\\FileLoaderLoadException: Cannot import resource \"@FrameworkBundle/Resources/config/routing/internal.xml\" from \"/var/www/mynet/app/config/routing.yml\". Make sure the \"FrameworkBundle\" bundle is correctly registered and loaded in the application kernel class. at /var/www/mynet/vendor/symfony/symfony/src/Symfony/Component/Config/Loader/FileLoader.php:100, InvalidArgumentException: Unable to find file \"@FrameworkBundle/Resources/config/routing/internal.xml\". at /var/www/mynet/app/bootstrap.php.cache:2319)"} []
[2013-11-26 23:00:15] request.CRITICAL: Exception thrown when handling an exception (Twig_Error_Runtime: An exception has been thrown during the rendering of a template ("Circular reference detected in "/var/www/mynet/app/config/routing.yml" ("/var/www/mynet/app/config/routing.yml" > "/var/www/mynet/app/config/routing.yml").") in "TwigBundle:Exception:error.html.twig" at line 8.) {"exception":"[object] (Symfony\\Component\\Config\\Exception\\FileLoaderLoadException: Cannot import resource \"@FrameworkBundle/Resources/config/routing/internal.xml\" from \"/var/www/mynet/app/config/routing.yml\". Make sure the \"FrameworkBundle\" bundle is correctly registered and loaded in the application kernel class. at /var/www/mynet/vendor/symfony/symfony/src/Symfony/Component/Config/Loader/FileLoader.php:100, InvalidArgumentException: Unable to find file \"@FrameworkBundle/Resources/config/routing/internal.xml\". at /var/www/mynet/app/bootstrap.php.cache:2319)"} []
